<?xml version="1.0" encoding="UTF-8"?>
<coverage generated="1783477553556" clover="3.2.0">
  <project timestamp="1783477553556" name="All files">
    <metrics statements="14" coveredstatements="14" conditionals="10" coveredconditionals="8" methods="4" coveredmethods="4" elements="28" coveredelements="26" complexity="0" loc="14" ncloc="14" packages="1" files="1" classes="1"/>
    <file name="validators.ts" path="/home/claude/work/extracted/readling-library-app/src/utils/validators.ts">
      <metrics statements="14" coveredstatements="14" conditionals="10" coveredconditionals="8" methods="4" coveredmethods="4"/>
      <line num="4" count="1" type="stmt"/>
      <line num="5" count="3" type="cond" truecount="2" falsecount="0"/>
      <line num="6" count="2" type="cond" truecount="2" falsecount="0"/>
      <line num="7" count="1" type="cond" truecount="1" falsecount="1"/>
      <line num="8" count="1" type="cond" truecount="1" falsecount="1"/>
      <line num="9" count="1" type="stmt"/>
      <line num="15" count="1" type="stmt"/>
      <line num="16" count="1" type="stmt"/>
      <line num="22" count="1" type="stmt"/>
      <line num="23" count="1" type="stmt"/>
      <line num="24" count="1" type="stmt"/>
      <line num="34" count="1" type="stmt"/>
      <line num="35" count="2" type="cond" truecount="2" falsecount="0"/>
      <line num="36" count="1" type="stmt"/>
    </file>
  </project>
</coverage>
